<?xml version="1.0" encoding="UTF-8"?>
<testng-results ignored="0" total="1" passed="1" failed="0" skipped="0">
  <reporter-output>
  </reporter-output>
  <suite started-at="2021-07-02T21:37:58 SGT" name="Suite" finished-at="2021-07-02T21:38:06 SGT" duration-ms="7879">
    <groups>
    </groups>
    <test started-at="2021-07-02T21:37:58 SGT" name="Test" finished-at="2021-07-02T21:38:06 SGT" duration-ms="7879">
      <class name="test.ProductSelectionTest">
        <test-method is-config="true" signature="setup()[pri:0, instance:test.ProductSelectionTest@10feca44]" started-at="2021-07-02T21:37:58 SGT" name="setup" finished-at="2021-07-02T21:38:03 SGT" duration-ms="5253" status="PASS">
          <reporter-output>
          </reporter-output>
        </test-method> <!-- setup -->
        <test-method signature="testcase1()[pri:0, instance:test.ProductSelectionTest@10feca44]" started-at="2021-07-02T21:38:03 SGT" name="testcase1" finished-at="2021-07-02T21:38:04 SGT" duration-ms="1007" status="PASS">
          <reporter-output>
          </reporter-output>
        </test-method> <!-- testcase1 -->
        <test-method is-config="true" signature="teardown()[pri:0, instance:test.ProductSelectionTest@10feca44]" started-at="2021-07-02T21:38:04 SGT" name="teardown" finished-at="2021-07-02T21:38:06 SGT" duration-ms="1569" status="PASS">
          <reporter-output>
          </reporter-output>
        </test-method> <!-- teardown -->
      </class> <!-- test.ProductSelectionTest -->
    </test> <!-- Test -->
  </suite> <!-- Suite -->
</testng-results>
